<?xml version="1.0" encoding="UTF-8"?>
<!-- Generated by org.testng.reporters.JUnitReportReporter -->
<testsuite skipped="0" hostname="Madhu" name="V_MADHU_K.maventest2.LoginTest" tests="1" failures="0" timestamp="2022-06-28T12:15:45 IST" time="38.163" errors="0">
  <testcase name="login" time="38.163" classname="V_MADHU_K.maventest2.LoginTest"/>
  <system-out/>
</testsuite> <!-- V_MADHU_K.maventest2.LoginTest -->
